23:53:54 **** Incremental Build of configuration Debug for project pythagoreanTriplet ****
make all 
Building file: ../test/Algorithm_test.cpp
Invoking: GCC C++ Compiler
g++ -I"/Users/MacBookEr/Desktop/techFit/c++/pythagoreanTriplet/pythagoreanTriplet/include" -I"/Users/MacBookEr/Desktop/techFit/c++/pythagoreanTriplet/pythagoreanTriplet/gtest_src" -O0 -g3 -Wall -c -fmessage-length=0 -MMD -MP -MF"test/Algorithm_test.d" -MT"test/Algorithm_test.d" -o "test/Algorithm_test.o" "../test/Algorithm_test.cpp"
../test/Algorithm_test.cpp:55:15: warning: expression result unused [-Wunused-value]
        EXPECT_THROW(statement, string);
                     ^~~~~~~~~
/Users/MacBookEr/Desktop/techFit/c++/pythagoreanTriplet/pythagoreanTriplet/gtest_src/gtest/gtest.h:19314:21: note: expanded from macro 'EXPECT_THROW'
  GTEST_TEST_THROW_(statement, expected_exception, GTEST_NONFATAL_FAILURE_)
                    ^
/Users/MacBookEr/Desktop/techFit/c++/pythagoreanTriplet/pythagoreanTriplet/gtest_src/gtest/gtest.h:8013:54: note: expanded from macro 'GTEST_TEST_THROW_'
      GTEST_SUPPRESS_UNREACHABLE_CODE_WARNING_BELOW_(statement); \
                                                     ^
/Users/MacBookEr/Desktop/techFit/c++/pythagoreanTriplet/pythagoreanTriplet/gtest_src/gtest/gtest.h:8006:44: note: expanded from macro 'GTEST_SUPPRESS_UNREACHABLE_CODE_WARNING_BELOW_'
  if (::testing::internal::AlwaysTrue()) { statement; }
                                           ^
../test/Algorithm_test.cpp:53:6: warning: unused variable 'result' [-Wunused-variable]
        int result = alg.returnRInPythagoreanFunction(oddNumber);
            ^
2 warnings generated.
Finished building: ../test/Algorithm_test.cpp
 
Building target: pythagoreanTriplet
Invoking: MacOS X C++ Linker
g++  -o "pythagoreanTriplet"  ./test/Algorithm_test.o ./test/gtest_main.o  ./src/Algorithm.o  ./gtest_src/gtest/gtest-all.o   -lpthread
Finished building target: pythagoreanTriplet
 

23:53:56 Build Finished (took 1s.941ms)

